2015-04-12 14:29:13,341 [Worker-3] INFO  o.e.m.c.i.l.LifecycleMappingFactory - Using org.maven.ide.eclipse.wtp.WarLifecycleMapping lifecycle mapping for MavenProject: com.google.training.helloworld:helloworld:1.0-SNAPSHOT @ D:\Mohyla\MASTER\II\Clouds\Google App Engine\EndPoints\Projects\000_Hello_Endpoints\pom.xml.
2015-04-12 14:29:13,341 [Worker-10] INFO  o.e.m.c.i.l.LifecycleMappingFactory - Using org.maven.ide.eclipse.wtp.WarLifecycleMapping lifecycle mapping for MavenProject: com.google.training.helloworld:helloworld:1.0-SNAPSHOT @ D:\Mohyla\MASTER\II\Clouds\Google App Engine\EndPoints\Projects\000_Hello_Endpoints\pom.xml.
2015-04-12 14:29:16,416 [Worker-10] INFO  o.e.m.c.i.embedder.EclipseLogger - Using 'UTF-8' encoding to copy filtered resources.
2015-04-12 14:29:16,416 [Worker-10] INFO  o.e.m.c.i.embedder.EclipseLogger - skip non existing resourceDirectory D:\Mohyla\MASTER\II\Clouds\Google App Engine\EndPoints\Projects\000_Hello_Endpoints\src\main\resources
2015-04-12 14:29:16,416 [Worker-10] INFO  o.e.m.c.i.embedder.EclipseLogger - Using 'UTF-8' encoding to copy filtered resources.
2015-04-12 14:29:16,416 [Worker-10] INFO  o.e.m.c.i.embedder.EclipseLogger - skip non existing resourceDirectory D:\Mohyla\MASTER\II\Clouds\Google App Engine\EndPoints\Projects\000_Hello_Endpoints\src\test\resources
2015-04-12 14:29:16,426 [Worker-10] INFO  o.e.m.w.i.f.ResourceFilteringBuildParticipant - Executing resource filtering for 000_Hello_Endpoints
2015-04-12 14:29:16,426 [Worker-10] WARN  o.e.m.c.i.embedder.EclipseLogger - The POM for org.apache.maven.plugins:maven-clean-plugin:jar:2.4.1 is missing, no dependency information available
2015-04-12 14:29:16,426 [Worker-10] WARN  o.e.m.c.i.embedder.EclipseLogger - Failed to retrieve plugin descriptor for org.apache.maven.plugins:maven-clean-plugin:2.4.1: Plugin org.apache.maven.plugins:maven-clean-plugin:2.4.1 or one of its dependencies could not be resolved: Failed to read artifact descriptor for org.apache.maven.plugins:maven-clean-plugin:jar:2.4.1
2015-04-12 14:29:16,436 [Worker-10] WARN  o.e.m.c.i.embedder.EclipseLogger - The POM for org.apache.maven.plugins:maven-install-plugin:jar:2.3.1 is missing, no dependency information available
2015-04-12 14:29:16,436 [Worker-10] WARN  o.e.m.c.i.embedder.EclipseLogger - Failed to retrieve plugin descriptor for org.apache.maven.plugins:maven-install-plugin:2.3.1: Plugin org.apache.maven.plugins:maven-install-plugin:2.3.1 or one of its dependencies could not be resolved: Failed to read artifact descriptor for org.apache.maven.plugins:maven-install-plugin:jar:2.3.1
2015-04-12 14:29:16,446 [Worker-10] WARN  o.e.m.c.i.embedder.EclipseLogger - The POM for org.apache.maven.plugins:maven-clean-plugin:jar:2.4.1 is missing, no dependency information available
2015-04-12 14:29:16,446 [Worker-10] WARN  o.e.m.c.i.embedder.EclipseLogger - Failed to retrieve plugin descriptor for org.apache.maven.plugins:maven-clean-plugin:2.4.1: Plugin org.apache.maven.plugins:maven-clean-plugin:2.4.1 or one of its dependencies could not be resolved: Failed to read artifact descriptor for org.apache.maven.plugins:maven-clean-plugin:jar:2.4.1
2015-04-12 14:29:16,446 [Worker-10] WARN  o.e.m.c.i.embedder.EclipseLogger - The POM for org.apache.maven.plugins:maven-install-plugin:jar:2.3.1 is missing, no dependency information available
2015-04-12 14:29:16,486 [Worker-10] WARN  o.e.m.c.i.embedder.EclipseLogger - Failed to retrieve plugin descriptor for org.apache.maven.plugins:maven-install-plugin:2.3.1: Plugin org.apache.maven.plugins:maven-install-plugin:2.3.1 or one of its dependencies could not be resolved: Failed to read artifact descriptor for org.apache.maven.plugins:maven-install-plugin:jar:2.3.1
2015-04-12 14:29:16,506 [Worker-10] INFO  o.e.m.c.i.embedder.EclipseLogger - Using 'UTF-8' encoding to copy filtered resources.
2015-04-12 14:29:16,506 [Worker-10] INFO  o.e.m.c.i.embedder.EclipseLogger - Copying 2 resources
2015-04-12 14:29:16,529 [Worker-1] INFO  o.e.m.c.i.l.LifecycleMappingFactory - Using org.maven.ide.eclipse.wtp.WarLifecycleMapping lifecycle mapping for MavenProject: com.google.training.helloworld:helloworld:1.0-SNAPSHOT @ D:\Mohyla\MASTER\II\Clouds\Google App Engine\EndPoints\Projects\000_Hello_Endpoints\pom.xml.
2015-04-12 14:29:16,781 [Worker-1] INFO  o.e.m.c.i.l.LifecycleMappingFactory - Using org.maven.ide.eclipse.wtp.WarLifecycleMapping lifecycle mapping for MavenProject: com.google.training.helloworld:helloworld:1.0-SNAPSHOT @ D:\Mohyla\MASTER\II\Clouds\Google App Engine\EndPoints\Projects\000_Hello_Endpoints\pom.xml.
2015-04-12 14:29:18,228 [Worker-3] INFO  o.e.m.c.i.embedder.EclipseLogger - Using 'UTF-8' encoding to copy filtered resources.
2015-04-12 14:29:18,228 [Worker-3] INFO  o.e.m.c.i.embedder.EclipseLogger - skip non existing resourceDirectory D:\Mohyla\MASTER\II\Clouds\Google App Engine\EndPoints\Projects\000_Hello_Endpoints\src\main\resources
2015-04-12 14:29:18,230 [Worker-3] INFO  o.e.m.c.i.embedder.EclipseLogger - Using 'UTF-8' encoding to copy filtered resources.
2015-04-12 14:29:18,231 [Worker-3] INFO  o.e.m.c.i.embedder.EclipseLogger - skip non existing resourceDirectory D:\Mohyla\MASTER\II\Clouds\Google App Engine\EndPoints\Projects\000_Hello_Endpoints\src\test\resources
2015-04-12 14:29:35,318 [main] INFO  o.e.m2e.actions.ExecutePomAction - Creating new launch configuration
2015-04-12 14:29:44,273 [main] INFO  o.e.m2e.actions.ExecutePomAction - Using existing launch configuration
2015-04-12 14:30:24,720 [Worker-6] INFO  o.e.m.c.i.embedder.EclipseLogger - Using 'UTF-8' encoding to copy filtered resources.
2015-04-12 14:30:24,730 [Worker-6] INFO  o.e.m.c.i.embedder.EclipseLogger - skip non existing resourceDirectory D:\Mohyla\MASTER\II\Clouds\Google App Engine\EndPoints\Projects\000_Hello_Endpoints\src\main\resources
2015-04-12 14:30:24,730 [Worker-6] INFO  o.e.m.c.i.embedder.EclipseLogger - Using 'UTF-8' encoding to copy filtered resources.
2015-04-12 14:30:24,730 [Worker-6] INFO  o.e.m.c.i.embedder.EclipseLogger - skip non existing resourceDirectory D:\Mohyla\MASTER\II\Clouds\Google App Engine\EndPoints\Projects\000_Hello_Endpoints\src\test\resources
2015-04-12 14:31:49,519 [Worker-0] INFO  o.e.m.c.i.embedder.EclipseLogger - Using 'UTF-8' encoding to copy filtered resources.
2015-04-12 14:31:49,529 [Worker-0] INFO  o.e.m.c.i.embedder.EclipseLogger - skip non existing resourceDirectory D:\Mohyla\MASTER\II\Clouds\Google App Engine\EndPoints\Projects\000_Hello_Endpoints\src\main\resources
2015-04-12 14:31:49,529 [Worker-0] INFO  o.e.m.c.i.embedder.EclipseLogger - Using 'UTF-8' encoding to copy filtered resources.
2015-04-12 14:31:49,529 [Worker-0] INFO  o.e.m.c.i.embedder.EclipseLogger - skip non existing resourceDirectory D:\Mohyla\MASTER\II\Clouds\Google App Engine\EndPoints\Projects\000_Hello_Endpoints\src\test\resources
